<?xml version="1.0" encoding="UTF-8"?>
<testsuite name="com.github.tng.vnv.planner.scheduler.SchedulerTest" tests="1" skipped="0" failures="0" errors="0" timestamp="2019-02-28T15:50:21" hostname="DESKTOP-38568DE" time="15.517">
  <properties/>
  <testcase name="schedule multiple test plans should produce success result" classname="com.github.tng.vnv.planner.scheduler.SchedulerTest" time="15.517"/>
  <system-out><![CDATA[2019-02-28 16:50:21.547  INFO 14688 --- [    Test worker] o.s.t.c.support.AbstractContextLoader    : Could not detect default resource locations for test class [com.github.mrduguo.spring.test.AbstractSpec]: no resource found for suffixes {-context.xml, Context.groovy}.
2019-02-28 16:50:21.555  INFO 14688 --- [    Test worker] WebAppIntegrationTestContextBootstrapper : Loaded default TestExecutionListener class names from location [META-INF/spring.factories]: [org.springframework.boot.test.mock.mockito.MockitoTestExecutionListener, org.springframework.boot.test.mock.mockito.ResetMocksTestExecutionListener, org.springframework.boot.test.autoconfigure.restdocs.RestDocsTestExecutionListener, org.springframework.boot.test.autoconfigure.web.client.MockRestServiceServerResetTestExecutionListener, org.springframework.boot.test.autoconfigure.web.servlet.MockMvcPrintOnlyOnFailureTestExecutionListener, org.springframework.boot.test.autoconfigure.web.servlet.WebDriverTestExecutionListener, org.springframework.test.context.web.ServletTestExecutionListener, org.springframework.test.context.support.DirtiesContextBeforeModesTestExecutionListener, org.springframework.test.context.support.DependencyInjectionTestExecutionListener, org.springframework.test.context.support.DirtiesContextTestExecutionListener, org.springframework.test.context.transaction.TransactionalTestExecutionListener, org.springframework.test.context.jdbc.SqlScriptsTestExecutionListener]
2019-02-28 16:50:21.556  INFO 14688 --- [    Test worker] WebAppIntegrationTestContextBootstrapper : Could not instantiate TestExecutionListener [org.springframework.test.context.jdbc.SqlScriptsTestExecutionListener]. Specify custom listener classes or make the default listener classes (and their required dependencies) available. Offending class: [org/springframework/transaction/interceptor/TransactionAttribute]
2019-02-28 16:50:21.557  INFO 14688 --- [    Test worker] WebAppIntegrationTestContextBootstrapper : Could not instantiate TestExecutionListener [org.springframework.test.context.transaction.TransactionalTestExecutionListener]. Specify custom listener classes or make the default listener classes (and their required dependencies) available. Offending class: [org/springframework/transaction/interceptor/TransactionAttributeSource]
2019-02-28 16:50:21.557  INFO 14688 --- [    Test worker] WebAppIntegrationTestContextBootstrapper : Using TestExecutionListeners: [org.springframework.test.context.web.ServletTestExecutionListener@4ad88a43, org.springframework.test.context.support.DirtiesContextBeforeModesTestExecutionListener@2c090bfd, org.springframework.test.context.support.DependencyInjectionTestExecutionListener@4f9fa33a, org.springframework.test.context.support.DirtiesContextTestExecutionListener@67fd7732, org.springframework.boot.test.autoconfigure.web.servlet.MockMvcPrintOnlyOnFailureTestExecutionListener@6979631c, org.springframework.boot.test.autoconfigure.web.client.MockRestServiceServerResetTestExecutionListener@dcbdb2d, org.springframework.boot.test.autoconfigure.restdocs.RestDocsTestExecutionListener@3fff3fdd, org.springframework.boot.test.mock.mockito.ResetMocksTestExecutionListener@33379bf7, org.springframework.boot.test.autoconfigure.web.servlet.WebDriverTestExecutionListener@11f46f0e, org.springframework.boot.test.mock.mockito.MockitoTestExecutionListener@4235ccae]
2019-02-28 16:50:21.673  INFO 14688 --- [  vnv-planner-7] c.g.t.v.p.restclient.TestCatalogue       : ##vnvlog packageId: multiple_scheduler:test:0.0.1
2019-02-28 16:50:21.676 DEBUG 14688 --- [  vnv-planner-7] s.n.www.protocol.http.HttpURLConnection  : sun.net.www.MessageHeader@2f374ee95 pairs: {GET /tng-vnv-planner/mock/gk/packages/multiple_scheduler:test:0.0.1 HTTP/1.1: null}{Accept: application/json, application/json, application/*+json, application/*+json}{User-Agent: Java/1.8.0_201}{Host: localhost:11409}{Connection: keep-alive}
2019-02-28 16:50:21.679 DEBUG 14688 --- [  vnv-planner-7] s.n.www.protocol.http.HttpURLConnection  : sun.net.www.MessageHeader@21f0a57f6 pairs: {null: HTTP/1.1 200}{X-Application-Context: application:test,DESKTOP-38568DE:11409}{Content-Disposition: inline;filename=f.txt}{Content-Type: application/json;charset=UTF-8}{Transfer-Encoding: chunked}{Date: Thu, 28 Feb 2019 15:50:21 GMT}
2019-02-28 16:50:21.680  INFO 14688 --- [  vnv-planner-7] c.g.tng.vnv.planner.helper.DebugHelper   : ##vnvlog-v.2:TestCatalogue.loadPackageMetadata call_endpoint: http://localhost:11409/tng-vnv-planner/mock/gk/packages/{packageId}, status: 200
2019-02-28 16:50:21.681 DEBUG 14688 --- [  vnv-planner-7] s.n.www.protocol.http.HttpURLConnection  : sun.net.www.MessageHeader@60cdaf446 pairs: {GET /tng-vnv-planner/mock/gk/tests/descriptors/input0ts-75f5-4ca1-90c8-12ec80a79821 HTTP/1.1: null}{Accept: application/json, application/json, application/*+json, application/*+json}{Content-Type: application/json}{User-Agent: Java/1.8.0_201}{Host: localhost:11409}{Connection: keep-alive}
2019-02-28 16:50:21.686 DEBUG 14688 --- [  vnv-planner-7] s.n.www.protocol.http.HttpURLConnection  : sun.net.www.MessageHeader@7598e5b25 pairs: {null: HTTP/1.1 200}{X-Application-Context: application:test,DESKTOP-38568DE:11409}{Content-Type: application/json;charset=UTF-8}{Transfer-Encoding: chunked}{Date: Thu, 28 Feb 2019 15:50:21 GMT}
2019-02-28 16:50:21.686  INFO 14688 --- [  vnv-planner-7] c.g.tng.vnv.planner.helper.DebugHelper   : ##vnvlog-v.2:TestCatalogue.findNssByTestTag call_endpoint: TestCatalogue.loadPackageMetadata, status: 200
2019-02-28 16:50:21.686  INFO 14688 --- [  vnv-planner-7] c.g.t.v.p.restclient.TestCatalogue       : ##vnvlog res: testSuite: TestSuiteOld{uuid='input0ts-75f5-4ca1-90c8-12ec80a79821', packageId='null', testd=TestDescriptor{testExecution=[com.github.tng.vnv.planner.model.TestTag@51e76d23, com.github.tng.vnv.planner.model.TestTag@d58796b]}}
2019-02-28 16:50:21.687 DEBUG 14688 --- [  vnv-planner-7] s.n.www.protocol.http.HttpURLConnection  : sun.net.www.MessageHeader@e2500b6 pairs: {GET /tng-vnv-planner/mock/gk/tests/descriptors/input0ts-75f5-4ca1-90c8-12ec80a79821 HTTP/1.1: null}{Accept: application/json, application/json, application/*+json, application/*+json}{Content-Type: application/json}{User-Agent: Java/1.8.0_201}{Host: localhost:11409}{Connection: keep-alive}
2019-02-28 16:50:21.692 DEBUG 14688 --- [  vnv-planner-7] s.n.www.protocol.http.HttpURLConnection  : sun.net.www.MessageHeader@32e580d05 pairs: {null: HTTP/1.1 200}{X-Application-Context: application:test,DESKTOP-38568DE:11409}{Content-Type: application/json;charset=UTF-8}{Transfer-Encoding: chunked}{Date: Thu, 28 Feb 2019 15:50:21 GMT}
2019-02-28 16:50:21.693  INFO 14688 --- [  vnv-planner-7] c.g.tng.vnv.planner.helper.DebugHelper   : ##vnvlog-v.2:TestCatalogue.loadPackageMetadata call_endpoint: TestCatalogue.loadPackageMetadata, status: 200
created_at=2018-08-07T15:19:57.887+00:00
md5=e3b76782ee5c95a0dff01dd4c544f72d
signature=null
status=active
testd={descriptor_schema=https://raw.githubusercontent.com/sonata-nfv/tng-schema/master/test-descriptor/testdescriptor-schema.yml, vendor=eu.5gtango.atos.simple-test-descriptor, name=http-benchmark-test, version=0.3, author=Felipe Vicens, ATOS, description="Test descriptor for http benchmarking"
, test_type=bash, test_configuration_parameters=[{parameter_name=config_file, parameter_definition=location of the test file, parameter_value=config.cfg, content_type=text/plain}, {parameter_name=runner_file, parameter_definition=bash script to run the http benchmark test within docker container, parameter_value=runner.sh, content_type=text/plain}], test_category=[{category_type=performance}], test_execution=[{test_tag=http, tag_id=tag_001}, {test_tag=latency, tag_id=atos:haproxy:0.3}]}
updated_at=2018-08-07T15:19:57.887+00:00
username=null
uuid=input0ts-75f5-4ca1-90c8-12ec80a79821
2019-02-28 16:50:21.694  INFO 14688 --- [  vnv-planner-7] c.g.t.v.p.restclient.TestCatalogue       : ##vnvlog agnostic obj [created_at:2018-08-07T15:19:57.887+00:00, md5:e3b76782ee5c95a0dff01dd4c544f72d, signature:null, status:active, testd:[descriptor_schema:https://raw.githubusercontent.com/sonata-nfv/tng-schema/master/test-descriptor/testdescriptor-schema.yml, vendor:eu.5gtango.atos.simple-test-descriptor, name:http-benchmark-test, version:0.3, author:Felipe Vicens, ATOS, description:"Test descriptor for http benchmarking"
, test_type:bash, test_configuration_parameters:[[parameter_name:config_file, parameter_definition:location of the test file, parameter_value:config.cfg, content_type:text/plain], [parameter_name:runner_file, parameter_definition:bash script to run the http benchmark test within docker container, parameter_value:runner.sh, content_type:text/plain]], test_category:[[category_type:performance]], test_execution:[[test_tag:http, tag_id:tag_001], [test_tag:latency, tag_id:atos:haproxy:0.3]]], updated_at:2018-08-07T15:19:57.887+00:00, username:null, uuid:input0ts-75f5-4ca1-90c8-12ec80a79821]
2019-02-28 16:50:21.695 DEBUG 14688 --- [  vnv-planner-7] s.n.www.protocol.http.HttpURLConnection  : sun.net.www.MessageHeader@165cd4806 pairs: {GET /tng-vnv-planner/mock/gk/services/input0ns-f213-4fae-8d3f-04358e1e1445 HTTP/1.1: null}{Accept: application/json, application/json, application/*+json, application/*+json}{Content-Type: application/json}{User-Agent: Java/1.8.0_201}{Host: localhost:11409}{Connection: keep-alive}
2019-02-28 16:50:21.700 DEBUG 14688 --- [  vnv-planner-7] s.n.www.protocol.http.HttpURLConnection  : sun.net.www.MessageHeader@4acac485 pairs: {null: HTTP/1.1 200}{X-Application-Context: application:test,DESKTOP-38568DE:11409}{Content-Type: application/json;charset=UTF-8}{Transfer-Encoding: chunked}{Date: Thu, 28 Feb 2019 15:50:21 GMT}
2019-02-28 16:50:21.700  INFO 14688 --- [  vnv-planner-7] c.g.tng.vnv.planner.helper.DebugHelper   : ##vnvlog-v.2:TestCatalogue.loadPackageMetadata call_endpoint: http://localhost:11409/tng-vnv-planner/mock/gk/services/{networkServiceId}, status: 200
2019-02-28 16:50:21.701  INFO 14688 --- [  vnv-planner-7] c.g.t.v.p.restclient.TestCatalogue       : ##vnvlog Request: res: networkService: NetworkService{uuid='input0ns-f213-4fae-8d3f-04358e1e1445', nsd=nsd{testingTags=[latency, aux_test]}, status='active'}
2019-02-28 16:50:21.702 DEBUG 14688 --- [  vnv-planner-7] s.n.www.protocol.http.HttpURLConnection  : sun.net.www.MessageHeader@1a514f0d6 pairs: {GET /tng-vnv-planner/mock/gk/services/input0ns-f213-4fae-8d3f-04358e1e1445 HTTP/1.1: null}{Accept: application/json, application/json, application/*+json, application/*+json}{Content-Type: application/json}{User-Agent: Java/1.8.0_201}{Host: localhost:11409}{Connection: keep-alive}
2019-02-28 16:50:21.707 DEBUG 14688 --- [  vnv-planner-7] s.n.www.protocol.http.HttpURLConnection  : sun.net.www.MessageHeader@49ed8e305 pairs: {null: HTTP/1.1 200}{X-Application-Context: application:test,DESKTOP-38568DE:11409}{Content-Type: application/json;charset=UTF-8}{Transfer-Encoding: chunked}{Date: Thu, 28 Feb 2019 15:50:21 GMT}
2019-02-28 16:50:21.707  INFO 14688 --- [  vnv-planner-7] c.g.tng.vnv.planner.helper.DebugHelper   : ##vnvlog-v.2:TestCatalogue.loadPackageMetadata call_endpoint: http://localhost:11409/tng-vnv-planner/mock/gk/services/{networkServiceId}, status: 200
created_at=2018-08-07T16:09:34.935+00:00
md5=f2e43735d408fb64e2ba2e56471ba1a8
nsd={descriptor_version=1.0, vendor=atos, name=haproxy, version=0.3, author=Luis Hensl @: atos, description=Descriptor haproxy to y1demo, network_functions=[{vnf_id=vnf_haproxy, vnf_vendor=atos, vnf_name=haproxy-vnf, vnf_version=0.3}], connection_points=[{id=nscpmgmt, interface=ipv4, type=management}, {id=nscpexternal, interface=ipv4, type=external}], virtual_links=[{id=vlmgmt, connectivity_type=E-LAN, connection_points_reference=[vnf_haproxy:cpmgmt, nscpmgmt]}, {id=vlexternal, connectivity_type=E-Line, connection_points_reference=[vnf_haproxy:cpexternal, nscpexternal]}], testing_tags=[latency, aux_test]}
signature=null
status=active
updated_at=2018-08-07T16:09:34.935+00:00
username=null
uuid=input0ns-f213-4fae-8d3f-04358e1e1445
2019-02-28 16:50:21.708  INFO 14688 --- [  vnv-planner-7] c.g.t.v.p.restclient.TestCatalogue       : ##vnvlog agnostic obj: [created_at:2018-08-07T16:09:34.935+00:00, md5:f2e43735d408fb64e2ba2e56471ba1a8, nsd:[descriptor_version:1.0, vendor:atos, name:haproxy, version:0.3, author:Luis Hensl @: atos, description:Descriptor haproxy to y1demo, network_functions:[[vnf_id:vnf_haproxy, vnf_vendor:atos, vnf_name:haproxy-vnf, vnf_version:0.3]], connection_points:[[id:nscpmgmt, interface:ipv4, type:management], [id:nscpexternal, interface:ipv4, type:external]], virtual_links:[[id:vlmgmt, connectivity_type:E-LAN, connection_points_reference:[vnf_haproxy:cpmgmt, nscpmgmt]], [id:vlexternal, connectivity_type:E-Line, connection_points_reference:[vnf_haproxy:cpexternal, nscpexternal]]], testing_tags:[latency, aux_test]], signature:null, status:active, updated_at:2018-08-07T16:09:34.935+00:00, username:null, uuid:input0ns-f213-4fae-8d3f-04358e1e1445]
2019-02-28 16:50:21.709 DEBUG 14688 --- [  vnv-planner-7] s.n.www.protocol.http.HttpURLConnection  : sun.net.www.MessageHeader@58ca8ed16 pairs: {GET /tng-vnv-planner/mock/gk/services/input0ns-f213-4fae-8d3f-04358e1e1445 HTTP/1.1: null}{Accept: application/json, application/json, application/*+json, application/*+json}{Content-Type: application/json}{User-Agent: Java/1.8.0_201}{Host: localhost:11409}{Connection: keep-alive}
2019-02-28 16:50:21.714 DEBUG 14688 --- [  vnv-planner-7] s.n.www.protocol.http.HttpURLConnection  : sun.net.www.MessageHeader@48739be25 pairs: {null: HTTP/1.1 200}{X-Application-Context: application:test,DESKTOP-38568DE:11409}{Content-Type: application/json;charset=UTF-8}{Transfer-Encoding: chunked}{Date: Thu, 28 Feb 2019 15:50:21 GMT}
2019-02-28 16:50:21.715  INFO 14688 --- [  vnv-planner-7] c.g.tng.vnv.planner.helper.DebugHelper   : ##vnvlog-v.2:TestCatalogue.findNetworkService call_endpoint: http://localhost:11409/tng-vnv-planner/mock/gk/services/{networkServiceId}, status: 200
2019-02-28 16:50:21.716 DEBUG 14688 --- [  vnv-planner-7] s.n.www.protocol.http.HttpURLConnection  : sun.net.www.MessageHeader@6d4a00d26 pairs: {GET /tng-vnv-planner/mock/gk/tests/descriptors/input0ts-75f5-4ca1-90c8-12ec80a79821 HTTP/1.1: null}{Accept: application/json, application/json, application/*+json, application/*+json}{Content-Type: application/json}{User-Agent: Java/1.8.0_201}{Host: localhost:11409}{Connection: keep-alive}
2019-02-28 16:50:21.722 DEBUG 14688 --- [  vnv-planner-7] s.n.www.protocol.http.HttpURLConnection  : sun.net.www.MessageHeader@7961d1515 pairs: {null: HTTP/1.1 200}{X-Application-Context: application:test,DESKTOP-38568DE:11409}{Content-Type: application/json;charset=UTF-8}{Transfer-Encoding: chunked}{Date: Thu, 28 Feb 2019 15:50:21 GMT}
2019-02-28 16:50:21.723  INFO 14688 --- [  vnv-planner-7] c.g.tng.vnv.planner.helper.DebugHelper   : ##vnvlog-v.2:TestCatalogue.findTestSuite call_endpoint: http://localhost:11409/tng-vnv-planner/mock/gk/tests/descriptors/{testUuid}, status: 200
2019-02-28 16:50:21.723  INFO 14688 --- [  vnv-planner-7] c.g.tng.vnv.planner.scheduler.Scheduler  : ##vnvlog: 
networkServices: [NetworkService{uuid='input0ns-f213-4fae-8d3f-04358e1e1445', nsd=nsd{testingTags=[latency, aux_test]}, status='active'}], 
testSuites: [TestSuiteOld{uuid='input0ts-75f5-4ca1-90c8-12ec80a79821', packageId='null', testd=TestDescriptor{testExecution=[com.github.tng.vnv.planner.model.TestTag@755164aa, com.github.tng.vnv.planner.model.TestTag@21295d69]}}]
2019-02-28 16:50:21.724 DEBUG 14688 --- [  vnv-planner-7] s.n.www.protocol.http.HttpURLConnection  : sun.net.www.MessageHeader@1cd8850e6 pairs: {GET /tng-vnv-planner/mock/gk/tests/descriptors HTTP/1.1: null}{Accept: application/json, application/json, application/*+json, application/*+json}{Content-Type: application/json}{User-Agent: Java/1.8.0_201}{Host: localhost:11409}{Connection: keep-alive}
2019-02-28 16:50:21.731 DEBUG 14688 --- [  vnv-planner-7] s.n.www.protocol.http.HttpURLConnection  : sun.net.www.MessageHeader@6b44249d5 pairs: {null: HTTP/1.1 200}{X-Application-Context: application:test,DESKTOP-38568DE:11409}{Content-Type: application/json;charset=UTF-8}{Transfer-Encoding: chunked}{Date: Thu, 28 Feb 2019 15:50:21 GMT}
2019-02-28 16:50:21.732  INFO 14688 --- [  vnv-planner-7] c.g.tng.vnv.planner.helper.DebugHelper   : ##vnvlog-v.2:TestCatalogue.findTssByTestTag call_endpoint: http://localhost:11409/tng-vnv-planner/mock/gk/tests/descriptors, status: 200
2019-02-28 16:50:21.733 DEBUG 14688 --- [  vnv-planner-7] s.n.www.protocol.http.HttpURLConnection  : sun.net.www.MessageHeader@154e796b6 pairs: {GET /tng-vnv-planner/mock/gk/packages HTTP/1.1: null}{Accept: application/json, application/json, application/*+json, application/*+json}{Content-Type: application/json}{User-Agent: Java/1.8.0_201}{Host: localhost:11409}{Connection: keep-alive}
2019-02-28 16:50:21.745 DEBUG 14688 --- [  vnv-planner-7] s.n.www.protocol.http.HttpURLConnection  : sun.net.www.MessageHeader@7ee7bcbe5 pairs: {null: HTTP/1.1 200}{X-Application-Context: application:test,DESKTOP-38568DE:11409}{Content-Type: application/json;charset=UTF-8}{Transfer-Encoding: chunked}{Date: Thu, 28 Feb 2019 15:50:21 GMT}
2019-02-28 16:50:21.748  INFO 14688 --- [  vnv-planner-7] c.g.tng.vnv.planner.helper.DebugHelper   : ##vnvlog-v.2:TestCatalogue.findPackageId call_endpoint: http://localhost:11409/tng-vnv-planner/mock/gk/packages, status: 200
2019-02-28 16:50:21.749 DEBUG 14688 --- [  vnv-planner-7] s.n.www.protocol.http.HttpURLConnection  : sun.net.www.MessageHeader@264fa6996 pairs: {GET /tng-vnv-planner/mock/gk/packages HTTP/1.1: null}{Accept: application/json, application/json, application/*+json, application/*+json}{Content-Type: application/json}{User-Agent: Java/1.8.0_201}{Host: localhost:11409}{Connection: keep-alive}
2019-02-28 16:50:21.760 DEBUG 14688 --- [  vnv-planner-7] s.n.www.protocol.http.HttpURLConnection  : sun.net.www.MessageHeader@6ce51e015 pairs: {null: HTTP/1.1 200}{X-Application-Context: application:test,DESKTOP-38568DE:11409}{Content-Type: application/json;charset=UTF-8}{Transfer-Encoding: chunked}{Date: Thu, 28 Feb 2019 15:50:21 GMT}
2019-02-28 16:50:21.763  INFO 14688 --- [  vnv-planner-7] c.g.tng.vnv.planner.helper.DebugHelper   : ##vnvlog-v.2:TestCatalogue.findPackageId call_endpoint: http://localhost:11409/tng-vnv-planner/mock/gk/packages, status: 200
2019-02-28 16:50:21.765 DEBUG 14688 --- [  vnv-planner-7] s.n.www.protocol.http.HttpURLConnection  : sun.net.www.MessageHeader@4947e8756 pairs: {GET /tng-vnv-planner/mock/gk/packages HTTP/1.1: null}{Accept: application/json, application/json, application/*+json, application/*+json}{Content-Type: application/json}{User-Agent: Java/1.8.0_201}{Host: localhost:11409}{Connection: keep-alive}
2019-02-28 16:50:21.771 DEBUG 14688 --- [  vnv-planner-7] s.n.www.protocol.http.HttpURLConnection  : sun.net.www.MessageHeader@12e7f4aa5 pairs: {null: HTTP/1.1 200}{X-Application-Context: application:test,DESKTOP-38568DE:11409}{Content-Type: application/json;charset=UTF-8}{Transfer-Encoding: chunked}{Date: Thu, 28 Feb 2019 15:50:21 GMT}
2019-02-28 16:50:21.774  INFO 14688 --- [  vnv-planner-7] c.g.tng.vnv.planner.helper.DebugHelper   : ##vnvlog-v.2:TestCatalogue.findPackageId call_endpoint: http://localhost:11409/tng-vnv-planner/mock/gk/packages, status: 200
2019-02-28 16:50:21.775 DEBUG 14688 --- [  vnv-planner-7] s.n.www.protocol.http.HttpURLConnection  : sun.net.www.MessageHeader@56b6e5e16 pairs: {GET /tng-vnv-planner/mock/gk/packages HTTP/1.1: null}{Accept: application/json, application/json, application/*+json, application/*+json}{Content-Type: application/json}{User-Agent: Java/1.8.0_201}{Host: localhost:11409}{Connection: keep-alive}
2019-02-28 16:50:21.831 DEBUG 14688 --- [  vnv-planner-7] s.n.www.protocol.http.HttpURLConnection  : sun.net.www.MessageHeader@6931c8ef5 pairs: {null: HTTP/1.1 200}{X-Application-Context: application:test,DESKTOP-38568DE:11409}{Content-Type: application/json;charset=UTF-8}{Transfer-Encoding: chunked}{Date: Thu, 28 Feb 2019 15:50:21 GMT}
2019-02-28 16:50:21.833  INFO 14688 --- [  vnv-planner-7] c.g.tng.vnv.planner.helper.DebugHelper   : ##vnvlog-v.2:TestCatalogue.findPackageId call_endpoint: http://localhost:11409/tng-vnv-planner/mock/gk/packages, status: 200
2019-02-28 16:50:21.834 DEBUG 14688 --- [  vnv-planner-7] s.n.www.protocol.http.HttpURLConnection  : sun.net.www.MessageHeader@1f4381fc6 pairs: {GET /tng-vnv-planner/mock/gk/tests/descriptors HTTP/1.1: null}{Accept: application/json, application/json, application/*+json, application/*+json}{Content-Type: application/json}{User-Agent: Java/1.8.0_201}{Host: localhost:11409}{Connection: keep-alive}
2019-02-28 16:50:21.839 DEBUG 14688 --- [  vnv-planner-7] s.n.www.protocol.http.HttpURLConnection  : sun.net.www.MessageHeader@32ac641a5 pairs: {null: HTTP/1.1 200}{X-Application-Context: application:test,DESKTOP-38568DE:11409}{Content-Type: application/json;charset=UTF-8}{Transfer-Encoding: chunked}{Date: Thu, 28 Feb 2019 15:50:21 GMT}
2019-02-28 16:50:21.840  INFO 14688 --- [  vnv-planner-7] c.g.tng.vnv.planner.helper.DebugHelper   : ##vnvlog-v.2:TestCatalogue.findTssByTestTag call_endpoint: http://localhost:11409/tng-vnv-planner/mock/gk/tests/descriptors, status: 200
2019-02-28 16:50:21.841 DEBUG 14688 --- [  vnv-planner-7] s.n.www.protocol.http.HttpURLConnection  : sun.net.www.MessageHeader@535406436 pairs: {GET /tng-vnv-planner/mock/gk/services HTTP/1.1: null}{Accept: application/json, application/json, application/*+json, application/*+json}{Content-Type: application/json}{User-Agent: Java/1.8.0_201}{Host: localhost:11409}{Connection: keep-alive}
2019-02-28 16:50:21.845 DEBUG 14688 --- [  vnv-planner-7] s.n.www.protocol.http.HttpURLConnection  : sun.net.www.MessageHeader@34c5da765 pairs: {null: HTTP/1.1 200}{X-Application-Context: application:test,DESKTOP-38568DE:11409}{Content-Type: application/json;charset=UTF-8}{Transfer-Encoding: chunked}{Date: Thu, 28 Feb 2019 15:50:21 GMT}
2019-02-28 16:50:21.845  INFO 14688 --- [  vnv-planner-7] c.g.tng.vnv.planner.helper.DebugHelper   : ##vnvlog-v.2:TestCatalogue.findNssByTestTag call_endpoint: http://localhost:11409/tng-vnv-planner/mock/gk/services, status: 200
2019-02-28 16:50:21.846 DEBUG 14688 --- [  vnv-planner-7] s.n.www.protocol.http.HttpURLConnection  : sun.net.www.MessageHeader@378af1736 pairs: {GET /tng-vnv-planner/mock/gk/services HTTP/1.1: null}{Accept: application/json, application/json, application/*+json, application/*+json}{Content-Type: application/json}{User-Agent: Java/1.8.0_201}{Host: localhost:11409}{Connection: keep-alive}
2019-02-28 16:50:21.849 DEBUG 14688 --- [  vnv-planner-7] s.n.www.protocol.http.HttpURLConnection  : sun.net.www.MessageHeader@66d7cf2c5 pairs: {null: HTTP/1.1 200}{X-Application-Context: application:test,DESKTOP-38568DE:11409}{Content-Type: application/json;charset=UTF-8}{Transfer-Encoding: chunked}{Date: Thu, 28 Feb 2019 15:50:21 GMT}
2019-02-28 16:50:21.850  INFO 14688 --- [  vnv-planner-7] c.g.tng.vnv.planner.helper.DebugHelper   : ##vnvlog-v.2:TestCatalogue.findNssByTestTag call_endpoint: http://localhost:11409/tng-vnv-planner/mock/gk/services, status: 200
2019-02-28 16:50:21.851 DEBUG 14688 --- [  vnv-planner-7] s.n.www.protocol.http.HttpURLConnection  : sun.net.www.MessageHeader@15c2abab6 pairs: {GET /tng-vnv-planner/mock/gk/packages HTTP/1.1: null}{Accept: application/json, application/json, application/*+json, application/*+json}{Content-Type: application/json}{User-Agent: Java/1.8.0_201}{Host: localhost:11409}{Connection: keep-alive}
2019-02-28 16:50:21.857 DEBUG 14688 --- [  vnv-planner-7] s.n.www.protocol.http.HttpURLConnection  : sun.net.www.MessageHeader@fcec50f5 pairs: {null: HTTP/1.1 200}{X-Application-Context: application:test,DESKTOP-38568DE:11409}{Content-Type: application/json;charset=UTF-8}{Transfer-Encoding: chunked}{Date: Thu, 28 Feb 2019 15:50:21 GMT}
2019-02-28 16:50:21.859  INFO 14688 --- [  vnv-planner-7] c.g.tng.vnv.planner.helper.DebugHelper   : ##vnvlog-v.2:TestCatalogue.findPackageId call_endpoint: http://localhost:11409/tng-vnv-planner/mock/gk/packages, status: 200
2019-02-28 16:50:21.860 DEBUG 14688 --- [  vnv-planner-7] s.n.www.protocol.http.HttpURLConnection  : sun.net.www.MessageHeader@6fafbcec6 pairs: {GET /tng-vnv-planner/mock/gk/packages HTTP/1.1: null}{Accept: application/json, application/json, application/*+json, application/*+json}{Content-Type: application/json}{User-Agent: Java/1.8.0_201}{Host: localhost:11409}{Connection: keep-alive}
2019-02-28 16:50:21.864 DEBUG 14688 --- [  vnv-planner-7] s.n.www.protocol.http.HttpURLConnection  : sun.net.www.MessageHeader@3759a09a5 pairs: {null: HTTP/1.1 200}{X-Application-Context: application:test,DESKTOP-38568DE:11409}{Content-Type: application/json;charset=UTF-8}{Transfer-Encoding: chunked}{Date: Thu, 28 Feb 2019 15:50:21 GMT}
2019-02-28 16:50:21.865  INFO 14688 --- [  vnv-planner-7] c.g.tng.vnv.planner.helper.DebugHelper   : ##vnvlog-v.2:TestCatalogue.findPackageId call_endpoint: http://localhost:11409/tng-vnv-planner/mock/gk/packages, status: 200
2019-02-28 16:50:21.866 DEBUG 14688 --- [  vnv-planner-7] s.n.www.protocol.http.HttpURLConnection  : sun.net.www.MessageHeader@3746da296 pairs: {GET /tng-vnv-planner/mock/gk/packages HTTP/1.1: null}{Accept: application/json, application/json, application/*+json, application/*+json}{Content-Type: application/json}{User-Agent: Java/1.8.0_201}{Host: localhost:11409}{Connection: keep-alive}
2019-02-28 16:50:21.872 DEBUG 14688 --- [  vnv-planner-7] s.n.www.protocol.http.HttpURLConnection  : sun.net.www.MessageHeader@4e5987735 pairs: {null: HTTP/1.1 200}{X-Application-Context: application:test,DESKTOP-38568DE:11409}{Content-Type: application/json;charset=UTF-8}{Transfer-Encoding: chunked}{Date: Thu, 28 Feb 2019 15:50:21 GMT}
2019-02-28 16:50:21.873  INFO 14688 --- [  vnv-planner-7] c.g.tng.vnv.planner.helper.DebugHelper   : ##vnvlog-v.2:TestCatalogue.findPackageId call_endpoint: http://localhost:11409/tng-vnv-planner/mock/gk/packages, status: 200
2019-02-28 16:50:21.874  INFO 14688 --- [  vnv-planner-7] c.g.tng.vnv.planner.scheduler.Scheduler  : 
 ---- 
##vnvlog-v.2: testPlans:

 ns's(#3)
 nsId: input0ns-f213-4fae-8d3f-04358e1e1445, testingTags: [latency, aux_test] 
	 - ts's(#1) 
		tsId: input0ts-75f5-4ca1-90c8-12ec80a79821, testTag's: ( 'http' 'latency' )
 nsId: 4763bde6-f213-4fae-8d3f-04358e1e1445, testingTags: [latency] 
	 - ts's(#1) 
		tsId: input0ts-75f5-4ca1-90c8-12ec80a79821, testTag's: ( 'http' 'latency' )
 nsId: a0c112ac-8c06-49e0-a34b-16693a50e72a, testingTags: [latency] 
	 - ts's(#1) 
		tsId: input0ts-75f5-4ca1-90c8-12ec80a79821, testTag's: ( 'http' 'latency' )
 
2019-02-28 16:50:21.875  INFO 14688 --- [  vnv-planner-7] c.g.t.v.p.workflow.WorkflowManager       : ##vnvlog: before createTestPlan: [not created yet]
2019-02-28 16:50:21.875  INFO 14688 --- [  vnv-planner-7] c.g.t.v.p.workflow.WorkflowManager       : ##vnvlog: (networkServiceId: input0ns-f213-4fae-8d3f-04358e1e1445, testListSize: 1, networkService.name: haproxy)
2019-02-28 16:50:21.875  INFO 14688 --- [  vnv-planner-7] c.g.t.v.p.workflow.WorkflowManager       : ##vnvlog: issue!:testSuites.first()?.packageId: 2b410f39-8d3f-4540-bdfe-ff0e13e8ac97
2019-02-28 16:50:21.876 DEBUG 14688 --- [  vnv-planner-7] s.n.www.protocol.http.HttpURLConnection  : sun.net.www.MessageHeader@26a42cf27 pairs: {POST /tng-vnv-planner/mock/trr/test-plans HTTP/1.1: null}{Accept: application/json, application/json, application/*+json, application/*+json}{Content-Type: application/json}{User-Agent: Java/1.8.0_201}{Host: localhost:11409}{Connection: keep-alive}{Content-Length: 597}
2019-02-28 16:50:21.880 DEBUG 14688 --- [  vnv-planner-7] s.n.www.protocol.http.HttpURLConnection  : sun.net.www.MessageHeader@27322d9d5 pairs: {null: HTTP/1.1 200}{X-Application-Context: application:test,DESKTOP-38568DE:11409}{Content-Type: application/json;charset=UTF-8}{Transfer-Encoding: chunked}{Date: Thu, 28 Feb 2019 15:50:21 GMT}
2019-02-28 16:50:21.881  INFO 14688 --- [  vnv-planner-7] c.g.tng.vnv.planner.helper.DebugHelper   : ##vnvlog-v.2:TestResultRepository.createTestPlan call_endpoint: http://localhost:11409/tng-vnv-planner/mock/trr/test-plans, status: 200
2019-02-28 16:50:21.881  INFO 14688 --- [  vnv-planner-7] c.g.t.v.p.workflow.WorkflowManager       : ##vnvlog: after createTestPlan: 0999c4f1-7967-432c-be4a-ffe22292bca3
2019-02-28 16:50:21.881  INFO 14688 --- [  vnv-planner-7] c.g.t.v.p.workflow.WorkflowManager       : ##vnvlog: before deployNs: [not created yet]
2019-02-28 16:50:21.881  INFO 14688 --- [  vnv-planner-7] c.g.t.v.p.r.TestPlatformManager          : ##vnvlog: testPlan: [packageId: 2b410f39-8d3f-4540-bdfe-ff0e13e8ac97, nsiList.size: 1, tsResults.size: 1]
2019-02-28 16:50:21.881  INFO 14688 --- [  vnv-planner-7] c.g.t.v.p.r.TestPlatformManager          : ##vnvlog TestPlatformManager.deployNsForTest - testPlan.networkServiceInstances.first().serviceUuid? input0ns-f213-4fae-8d3f-04358e1e1445
2019-02-28 16:50:21.882 DEBUG 14688 --- [  vnv-planner-7] s.n.www.protocol.http.HttpURLConnection  : sun.net.www.MessageHeader@255254177 pairs: {POST /tng-vnv-planner/mock/tpm/requests HTTP/1.1: null}{Accept: application/json, application/json, application/*+json, application/*+json}{Content-Type: application/json;charset=UTF-8}{User-Agent: Java/1.8.0_201}{Host: localhost:11409}{Connection: keep-alive}{Content-Length: 137}
2019-02-28 16:50:21.885 DEBUG 14688 --- [  vnv-planner-7] s.n.www.protocol.http.HttpURLConnection  : sun.net.www.MessageHeader@61c1cd7f5 pairs: {null: HTTP/1.1 200}{X-Application-Context: application:test,DESKTOP-38568DE:11409}{Content-Type: application/json;charset=UTF-8}{Transfer-Encoding: chunked}{Date: Thu, 28 Feb 2019 15:50:21 GMT}
2019-02-28 16:50:21.886  INFO 14688 --- [  vnv-planner-7] c.g.tng.vnv.planner.helper.DebugHelper   : ##vnvlog-v.2:TestPlatformManager.deployNsForTest call_endpoint: http://localhost:11409/tng-vnv-planner/mock/tpm/requests, status: 200
2019-02-28 16:50:21.887 DEBUG 14688 --- [  vnv-planner-7] s.n.www.protocol.http.HttpURLConnection  : sun.net.www.MessageHeader@6605be096 pairs: {GET /tng-vnv-planner/mock/tpm/requests/67684396-d8a7-4793-aa46-d439dcc3ff7a HTTP/1.1: null}{Accept: application/json, application/json, application/*+json, application/*+json}{Content-Type: application/json}{User-Agent: Java/1.8.0_201}{Host: localhost:11409}{Connection: keep-alive}
2019-02-28 16:50:21.890 DEBUG 14688 --- [  vnv-planner-7] s.n.www.protocol.http.HttpURLConnection  : sun.net.www.MessageHeader@50ed29915 pairs: {null: HTTP/1.1 200}{X-Application-Context: application:test,DESKTOP-38568DE:11409}{Content-Type: application/json;charset=UTF-8}{Transfer-Encoding: chunked}{Date: Thu, 28 Feb 2019 15:50:21 GMT}
2019-02-28 16:50:21.891  INFO 14688 --- [  vnv-planner-7] c.g.tng.vnv.planner.helper.DebugHelper   : ##vnvlog-v.2:TestPlatformManager.deployNsForTest call_endpoint: http://localhost:11409/tng-vnv-planner/mock/tpm/requests/{requestId}, status: 200
2019-02-28 16:50:26.891  INFO 14688 --- [  vnv-planner-7] c.g.t.v.p.r.TestPlatformManager          : ##vnvlog TestPlatformManager.deployNsForTest - testPlan.networkServiceInstances.first().status? null
2019-02-28 16:50:26.891  INFO 14688 --- [  vnv-planner-7] c.g.t.v.p.r.TestPlatformManager          : ##vnvlog TestPlatformManager.deployNsForTest - testPlan.networkServiceInstances.first().instanceUuid? null
2019-02-28 16:50:26.894 DEBUG 14688 --- [  vnv-planner-7] s.n.www.protocol.http.HttpURLConnection  : sun.net.www.MessageHeader@67a82d777 pairs: {PUT /tng-vnv-planner/mock/trr/test-plans/0999c4f1-7967-432c-be4a-ffe22292bca3 HTTP/1.1: null}{Accept: application/json, application/json, application/*+json, application/*+json}{Content-Type: application/json}{User-Agent: Java/1.8.0_201}{Host: localhost:11409}{Connection: keep-alive}{Content-Length: 638}
2019-02-28 16:50:26.911 DEBUG 14688 --- [  vnv-planner-7] s.n.www.protocol.http.HttpURLConnection  : sun.net.www.MessageHeader@86dbec85 pairs: {null: HTTP/1.1 200}{X-Application-Context: application:test,DESKTOP-38568DE:11409}{Content-Type: application/json;charset=UTF-8}{Transfer-Encoding: chunked}{Date: Thu, 28 Feb 2019 15:50:26 GMT}
2019-02-28 16:50:26.912  INFO 14688 --- [  vnv-planner-7] c.g.tng.vnv.planner.helper.DebugHelper   : ##vnvlog-v.2:TestResultRepository.updatePlan call_endpoint: http://localhost:11409/tng-vnv-planner/mock/trr/test-plans/{uuid}, status: 200
2019-02-28 16:50:26.912  INFO 14688 --- [  vnv-planner-7] c.g.t.v.p.workflow.WorkflowManager       : ##vnvlog: after deployNs (#1): 67684396-d8a7-4793-aa46-d439dcc3ff7a, status: READY
2019-02-28 16:50:26.912  INFO 14688 --- [  vnv-planner-7] c.g.t.v.p.workflow.WorkflowManager       : ##vnvlog: before executeTests with testSuiteResults: [not created yet]
2019-02-28 16:50:26.912  INFO 14688 --- [  vnv-planner-7] c.g.t.v.p.r.TestExecutionEngine          : ##vnvlog TestExecutionEngine.executeTests: (
 - TestPlanOld{ 
uuid='0999c4f1-7967-432c-be4a-ffe22292bca3', status='NS_DEPLOYED', 
nsi's(#1)=[com.github.tng.vnv.planner.model.NetworkServiceInstance(67684396-d8a7-4793-aa46-d439dcc3ff7a, READY)], 
tsr's(#1)=[
 	TestSuiteResult{uuid='d9e695ce-f67a-4059-8f6b-a135fb2effe5', serviceUuid='input0ns-f213-4fae-8d3f-04358e1e1445', testUuid='input0ts-75f5-4ca1-90c8-12ec80a79821', status='null'}]})
2019-02-28 16:50:26.912  INFO 14688 --- [  vnv-planner-7] c.g.t.v.p.r.TestExecutionEngine          : ##vnvlog TestExecutionEngine.executeTests - testPlan.networkServiceInstances.first().instanceUuid: 67684396-d8a7-4793-aa46-d439dcc3ff7a
2019-02-28 16:50:26.912  INFO 14688 --- [  vnv-planner-7] c.g.t.v.p.r.TestExecutionEngine          : ##vnvlog TestExecutionEngine.executeTests - testPlan.networkServiceInstances.first().serviceUuid: input0ns-f213-4fae-8d3f-04358e1e1445
2019-02-28 16:50:26.912  INFO 14688 --- [  vnv-planner-7] c.g.t.v.p.r.TestExecutionEngine          : ##vnvlog-v.2 TestExecutionEngine.executeTests - begin POST_request_to_TEE with testSuiteResult: 
 	TestSuiteResult{uuid='d9e695ce-f67a-4059-8f6b-a135fb2effe5', serviceUuid='input0ns-f213-4fae-8d3f-04358e1e1445', testUuid='input0ts-75f5-4ca1-90c8-12ec80a79821', status='null'}
2019-02-28 16:50:26.914 DEBUG 14688 --- [  vnv-planner-7] s.n.www.protocol.http.HttpURLConnection  : sun.net.www.MessageHeader@43d3bc3a7 pairs: {POST /tng-vnv-planner/mock/tee/test-suite-results HTTP/1.1: null}{Accept: application/json, application/json, application/*+json, application/*+json}{Content-Type: application/json;charset=UTF-8}{User-Agent: Java/1.8.0_201}{Host: localhost:11409}{Connection: keep-alive}{Content-Length: 327}
2019-02-28 16:50:26.917 DEBUG 14688 --- [  vnv-planner-7] s.n.www.protocol.http.HttpURLConnection  : sun.net.www.MessageHeader@7acbb4705 pairs: {null: HTTP/1.1 200}{X-Application-Context: application:test,DESKTOP-38568DE:11409}{Content-Type: application/json;charset=UTF-8}{Transfer-Encoding: chunked}{Date: Thu, 28 Feb 2019 15:50:26 GMT}
2019-02-28 16:50:26.918  INFO 14688 --- [  vnv-planner-7] c.g.tng.vnv.planner.helper.DebugHelper   : ##vnvlog-v.2:TestExecutionEngine.executeTests call_endpoint: http://localhost:11409/tng-vnv-planner/mock/tee/test-suite-results, status: 200
2019-02-28 16:50:26.918  INFO 14688 --- [  vnv-planner-7] c.g.t.v.p.r.TestExecutionEngine          : ##vnvlog-v.2 TestExecutionEngine.executeTests - end POST_request_to_TEE with testSuiteResult.uuid: 6f35c53d-57b8-44a3-b722-966b5263101a
2019-02-28 16:50:26.919 DEBUG 14688 --- [  vnv-planner-7] s.n.www.protocol.http.HttpURLConnection  : sun.net.www.MessageHeader@5c2efdcb7 pairs: {PUT /tng-vnv-planner/mock/trr/test-plans/0999c4f1-7967-432c-be4a-ffe22292bca3 HTTP/1.1: null}{Accept: application/json, application/json, application/*+json, application/*+json}{Content-Type: application/json}{User-Agent: Java/1.8.0_201}{Host: localhost:11409}{Connection: keep-alive}{Content-Length: 673}
2019-02-28 16:50:26.923 DEBUG 14688 --- [  vnv-planner-7] s.n.www.protocol.http.HttpURLConnection  : sun.net.www.MessageHeader@39d083785 pairs: {null: HTTP/1.1 200}{X-Application-Context: application:test,DESKTOP-38568DE:11409}{Content-Type: application/json;charset=UTF-8}{Transfer-Encoding: chunked}{Date: Thu, 28 Feb 2019 15:50:26 GMT}
2019-02-28 16:50:26.924  INFO 14688 --- [  vnv-planner-7] c.g.tng.vnv.planner.helper.DebugHelper   : ##vnvlog-v.2:TestResultRepository.updatePlan call_endpoint: http://localhost:11409/tng-vnv-planner/mock/trr/test-plans/{uuid}, status: 200
2019-02-28 16:50:26.924  INFO 14688 --- [  vnv-planner-7] c.g.t.v.p.workflow.WorkflowManager       : ##vnvlog: after executeTests with testSuiteResults(#1)
2019-02-28 16:50:26.924  INFO 14688 --- [  vnv-planner-7] c.g.t.v.p.r.TestPlatformManager          : ##vnvlog TestPlatformManager.destroyNsAfterTest: (
 - TestPlanOld{ 
uuid='0999c4f1-7967-432c-be4a-ffe22292bca3', status='SUCCESS', 
nsi's(#1)=[com.github.tng.vnv.planner.model.NetworkServiceInstance(67684396-d8a7-4793-aa46-d439dcc3ff7a, READY)], 
tsr's(#1)=[
 	TestSuiteResult{uuid='6f35c53d-57b8-44a3-b722-966b5263101a', serviceUuid='input0ns-f213-4fae-8d3f-04358e1e1445', testUuid='input0ts-75f5-4ca1-90c8-12ec80a79821', status='SUCCESS'}]})
2019-02-28 16:50:26.927 DEBUG 14688 --- [  vnv-planner-7] s.n.www.protocol.http.HttpURLConnection  : sun.net.www.MessageHeader@673cca147 pairs: {POST /tng-vnv-planner/mock/tpm/requests HTTP/1.1: null}{Accept: application/json, application/json, application/*+json, application/*+json}{Content-Type: application/json;charset=UTF-8}{User-Agent: Java/1.8.0_201}{Host: localhost:11409}{Connection: keep-alive}{Content-Length: 140}
2019-02-28 16:50:26.928 DEBUG 14688 --- [  vnv-planner-7] s.n.www.protocol.http.HttpURLConnection  : sun.net.www.MessageHeader@40f39ab75 pairs: {null: HTTP/1.1 200}{X-Application-Context: application:test,DESKTOP-38568DE:11409}{Content-Type: application/json;charset=UTF-8}{Transfer-Encoding: chunked}{Date: Thu, 28 Feb 2019 15:50:26 GMT}
2019-02-28 16:50:26.928  INFO 14688 --- [  vnv-planner-7] c.g.tng.vnv.planner.helper.DebugHelper   : ##vnvlog-v.2:TestPlatformManager.destroyNsAfterTest call_endpoint: http://localhost:11409/tng-vnv-planner/mock/tpm/requests, status: 200
2019-02-28 16:50:26.929 DEBUG 14688 --- [  vnv-planner-7] s.n.www.protocol.http.HttpURLConnection  : sun.net.www.MessageHeader@6b98e7c77 pairs: {PUT /tng-vnv-planner/mock/trr/test-plans/0999c4f1-7967-432c-be4a-ffe22292bca3 HTTP/1.1: null}{Accept: application/json, application/json, application/*+json, application/*+json}{Content-Type: application/json}{User-Agent: Java/1.8.0_201}{Host: localhost:11409}{Connection: keep-alive}{Content-Length: 610}
2019-02-28 16:50:26.932 DEBUG 14688 --- [  vnv-planner-7] s.n.www.protocol.http.HttpURLConnection  : sun.net.www.MessageHeader@566e628f5 pairs: {null: HTTP/1.1 200}{X-Application-Context: application:test,DESKTOP-38568DE:11409}{Content-Type: application/json;charset=UTF-8}{Transfer-Encoding: chunked}{Date: Thu, 28 Feb 2019 15:50:26 GMT}
2019-02-28 16:50:26.932  INFO 14688 --- [  vnv-planner-7] c.g.tng.vnv.planner.helper.DebugHelper   : ##vnvlog-v.2:TestResultRepository.updatePlan call_endpoint: http://localhost:11409/tng-vnv-planner/mock/trr/test-plans/{uuid}, status: 200
2019-02-28 16:50:26.932  INFO 14688 --- [  vnv-planner-7] c.g.t.v.p.workflow.WorkflowManager       : ##vnvlog: before createTestPlan: [not created yet]
2019-02-28 16:50:26.933  INFO 14688 --- [  vnv-planner-7] c.g.t.v.p.workflow.WorkflowManager       : ##vnvlog: (networkServiceId: 4763bde6-f213-4fae-8d3f-04358e1e1445, testListSize: 1, networkService.name: haproxy)
2019-02-28 16:50:26.933  INFO 14688 --- [  vnv-planner-7] c.g.t.v.p.workflow.WorkflowManager       : ##vnvlog: issue!:testSuites.first()?.packageId: 2b410f39-8d3f-4540-bdfe-ff0e13e8ac97
2019-02-28 16:50:26.934 DEBUG 14688 --- [  vnv-planner-7] s.n.www.protocol.http.HttpURLConnection  : sun.net.www.MessageHeader@57836e3c7 pairs: {POST /tng-vnv-planner/mock/trr/test-plans HTTP/1.1: null}{Accept: application/json, application/json, application/*+json, application/*+json}{Content-Type: application/json}{User-Agent: Java/1.8.0_201}{Host: localhost:11409}{Connection: keep-alive}{Content-Length: 597}
2019-02-28 16:50:26.936 DEBUG 14688 --- [  vnv-planner-7] s.n.www.protocol.http.HttpURLConnection  : sun.net.www.MessageHeader@bf970595 pairs: {null: HTTP/1.1 200}{X-Application-Context: application:test,DESKTOP-38568DE:11409}{Content-Type: application/json;charset=UTF-8}{Transfer-Encoding: chunked}{Date: Thu, 28 Feb 2019 15:50:26 GMT}
2019-02-28 16:50:26.937  INFO 14688 --- [  vnv-planner-7] c.g.tng.vnv.planner.helper.DebugHelper   : ##vnvlog-v.2:TestResultRepository.createTestPlan call_endpoint: http://localhost:11409/tng-vnv-planner/mock/trr/test-plans, status: 200
2019-02-28 16:50:26.937  INFO 14688 --- [  vnv-planner-7] c.g.t.v.p.workflow.WorkflowManager       : ##vnvlog: after createTestPlan: 69d915dc-6c88-40ea-91c9-00e3de8e6b8e
2019-02-28 16:50:26.937  INFO 14688 --- [  vnv-planner-7] c.g.t.v.p.workflow.WorkflowManager       : ##vnvlog: before deployNs: [not created yet]
2019-02-28 16:50:26.937  INFO 14688 --- [  vnv-planner-7] c.g.t.v.p.r.TestPlatformManager          : ##vnvlog: testPlan: [packageId: 2b410f39-8d3f-4540-bdfe-ff0e13e8ac97, nsiList.size: 1, tsResults.size: 1]
2019-02-28 16:50:26.937  INFO 14688 --- [  vnv-planner-7] c.g.t.v.p.r.TestPlatformManager          : ##vnvlog TestPlatformManager.deployNsForTest - testPlan.networkServiceInstances.first().serviceUuid? 4763bde6-f213-4fae-8d3f-04358e1e1445
2019-02-28 16:50:26.939 DEBUG 14688 --- [  vnv-planner-7] s.n.www.protocol.http.HttpURLConnection  : sun.net.www.MessageHeader@27f3183e7 pairs: {POST /tng-vnv-planner/mock/tpm/requests HTTP/1.1: null}{Accept: application/json, application/json, application/*+json, application/*+json}{Content-Type: application/json;charset=UTF-8}{User-Agent: Java/1.8.0_201}{Host: localhost:11409}{Connection: keep-alive}{Content-Length: 137}
2019-02-28 16:50:26.942 DEBUG 14688 --- [  vnv-planner-7] s.n.www.protocol.http.HttpURLConnection  : sun.net.www.MessageHeader@2ac7c555 pairs: {null: HTTP/1.1 200}{X-Application-Context: application:test,DESKTOP-38568DE:11409}{Content-Type: application/json;charset=UTF-8}{Transfer-Encoding: chunked}{Date: Thu, 28 Feb 2019 15:50:26 GMT}
2019-02-28 16:50:26.943  INFO 14688 --- [  vnv-planner-7] c.g.tng.vnv.planner.helper.DebugHelper   : ##vnvlog-v.2:TestPlatformManager.deployNsForTest call_endpoint: http://localhost:11409/tng-vnv-planner/mock/tpm/requests, status: 200
2019-02-28 16:50:26.944 DEBUG 14688 --- [  vnv-planner-7] s.n.www.protocol.http.HttpURLConnection  : sun.net.www.MessageHeader@4e9200b26 pairs: {GET /tng-vnv-planner/mock/tpm/requests/0246f43b-b412-4b72-b107-e8f168287308 HTTP/1.1: null}{Accept: application/json, application/json, application/*+json, application/*+json}{Content-Type: application/json}{User-Agent: Java/1.8.0_201}{Host: localhost:11409}{Connection: keep-alive}
2019-02-28 16:50:26.964 DEBUG 14688 --- [  vnv-planner-7] s.n.www.protocol.http.HttpURLConnection  : sun.net.www.MessageHeader@ea9da815 pairs: {null: HTTP/1.1 200}{X-Application-Context: application:test,DESKTOP-38568DE:11409}{Content-Type: application/json;charset=UTF-8}{Transfer-Encoding: chunked}{Date: Thu, 28 Feb 2019 15:50:26 GMT}
2019-02-28 16:50:26.964  INFO 14688 --- [  vnv-planner-7] c.g.tng.vnv.planner.helper.DebugHelper   : ##vnvlog-v.2:TestPlatformManager.deployNsForTest call_endpoint: http://localhost:11409/tng-vnv-planner/mock/tpm/requests/{requestId}, status: 200
2019-02-28 16:50:31.964  INFO 14688 --- [  vnv-planner-7] c.g.t.v.p.r.TestPlatformManager          : ##vnvlog TestPlatformManager.deployNsForTest - testPlan.networkServiceInstances.first().status? null
2019-02-28 16:50:31.965  INFO 14688 --- [  vnv-planner-7] c.g.t.v.p.r.TestPlatformManager          : ##vnvlog TestPlatformManager.deployNsForTest - testPlan.networkServiceInstances.first().instanceUuid? null
2019-02-28 16:50:31.968 DEBUG 14688 --- [  vnv-planner-7] s.n.www.protocol.http.HttpURLConnection  : sun.net.www.MessageHeader@312411827 pairs: {PUT /tng-vnv-planner/mock/trr/test-plans/69d915dc-6c88-40ea-91c9-00e3de8e6b8e HTTP/1.1: null}{Accept: application/json, application/json, application/*+json, application/*+json}{Content-Type: application/json}{User-Agent: Java/1.8.0_201}{Host: localhost:11409}{Connection: keep-alive}{Content-Length: 638}
2019-02-28 16:50:31.980 DEBUG 14688 --- [  vnv-planner-7] s.n.www.protocol.http.HttpURLConnection  : sun.net.www.MessageHeader@500b8d275 pairs: {null: HTTP/1.1 200}{X-Application-Context: application:test,DESKTOP-38568DE:11409}{Content-Type: application/json;charset=UTF-8}{Transfer-Encoding: chunked}{Date: Thu, 28 Feb 2019 15:50:31 GMT}
2019-02-28 16:50:31.981  INFO 14688 --- [  vnv-planner-7] c.g.tng.vnv.planner.helper.DebugHelper   : ##vnvlog-v.2:TestResultRepository.updatePlan call_endpoint: http://localhost:11409/tng-vnv-planner/mock/trr/test-plans/{uuid}, status: 200
2019-02-28 16:50:31.981  INFO 14688 --- [  vnv-planner-7] c.g.t.v.p.workflow.WorkflowManager       : ##vnvlog: after deployNs (#1): 0246f43b-b412-4b72-b107-e8f168287308, status: READY
2019-02-28 16:50:31.981  INFO 14688 --- [  vnv-planner-7] c.g.t.v.p.workflow.WorkflowManager       : ##vnvlog: before executeTests with testSuiteResults: [not created yet]
2019-02-28 16:50:31.982  INFO 14688 --- [  vnv-planner-7] c.g.t.v.p.r.TestExecutionEngine          : ##vnvlog TestExecutionEngine.executeTests: (
 - TestPlanOld{ 
uuid='69d915dc-6c88-40ea-91c9-00e3de8e6b8e', status='NS_DEPLOYED', 
nsi's(#1)=[com.github.tng.vnv.planner.model.NetworkServiceInstance(0246f43b-b412-4b72-b107-e8f168287308, READY)], 
tsr's(#1)=[
 	TestSuiteResult{uuid='d4cccb1a-c56e-43f7-9657-aa4f4b401604', serviceUuid='4763bde6-f213-4fae-8d3f-04358e1e1445', testUuid='input0ts-75f5-4ca1-90c8-12ec80a79821', status='null'}]})
2019-02-28 16:50:31.982  INFO 14688 --- [  vnv-planner-7] c.g.t.v.p.r.TestExecutionEngine          : ##vnvlog TestExecutionEngine.executeTests - testPlan.networkServiceInstances.first().instanceUuid: 0246f43b-b412-4b72-b107-e8f168287308
2019-02-28 16:50:31.982  INFO 14688 --- [  vnv-planner-7] c.g.t.v.p.r.TestExecutionEngine          : ##vnvlog TestExecutionEngine.executeTests - testPlan.networkServiceInstances.first().serviceUuid: 4763bde6-f213-4fae-8d3f-04358e1e1445
2019-02-28 16:50:31.982  INFO 14688 --- [  vnv-planner-7] c.g.t.v.p.r.TestExecutionEngine          : ##vnvlog-v.2 TestExecutionEngine.executeTests - begin POST_request_to_TEE with testSuiteResult: 
 	TestSuiteResult{uuid='d4cccb1a-c56e-43f7-9657-aa4f4b401604', serviceUuid='4763bde6-f213-4fae-8d3f-04358e1e1445', testUuid='input0ts-75f5-4ca1-90c8-12ec80a79821', status='null'}
2019-02-28 16:50:31.984 DEBUG 14688 --- [  vnv-planner-7] s.n.www.protocol.http.HttpURLConnection  : sun.net.www.MessageHeader@ec280047 pairs: {POST /tng-vnv-planner/mock/tee/test-suite-results HTTP/1.1: null}{Accept: application/json, application/json, application/*+json, application/*+json}{Content-Type: application/json;charset=UTF-8}{User-Agent: Java/1.8.0_201}{Host: localhost:11409}{Connection: keep-alive}{Content-Length: 327}
2019-02-28 16:50:31.997 DEBUG 14688 --- [  vnv-planner-7] s.n.www.protocol.http.HttpURLConnection  : sun.net.www.MessageHeader@4e7f2e8f5 pairs: {null: HTTP/1.1 200}{X-Application-Context: application:test,DESKTOP-38568DE:11409}{Content-Type: application/json;charset=UTF-8}{Transfer-Encoding: chunked}{Date: Thu, 28 Feb 2019 15:50:31 GMT}
2019-02-28 16:50:31.997  INFO 14688 --- [  vnv-planner-7] c.g.tng.vnv.planner.helper.DebugHelper   : ##vnvlog-v.2:TestExecutionEngine.executeTests call_endpoint: http://localhost:11409/tng-vnv-planner/mock/tee/test-suite-results, status: 200
2019-02-28 16:50:31.997  INFO 14688 --- [  vnv-planner-7] c.g.t.v.p.r.TestExecutionEngine          : ##vnvlog-v.2 TestExecutionEngine.executeTests - end POST_request_to_TEE with testSuiteResult.uuid: 70ceb169-f301-4f25-81ad-2a3964ae21aa
2019-02-28 16:50:31.999 DEBUG 14688 --- [  vnv-planner-7] s.n.www.protocol.http.HttpURLConnection  : sun.net.www.MessageHeader@5fc69ec37 pairs: {PUT /tng-vnv-planner/mock/trr/test-plans/69d915dc-6c88-40ea-91c9-00e3de8e6b8e HTTP/1.1: null}{Accept: application/json, application/json, application/*+json, application/*+json}{Content-Type: application/json}{User-Agent: Java/1.8.0_201}{Host: localhost:11409}{Connection: keep-alive}{Content-Length: 673}
2019-02-28 16:50:32.003 DEBUG 14688 --- [  vnv-planner-7] s.n.www.protocol.http.HttpURLConnection  : sun.net.www.MessageHeader@53a852a95 pairs: {null: HTTP/1.1 200}{X-Application-Context: application:test,DESKTOP-38568DE:11409}{Content-Type: application/json;charset=UTF-8}{Transfer-Encoding: chunked}{Date: Thu, 28 Feb 2019 15:50:31 GMT}
2019-02-28 16:50:32.003  INFO 14688 --- [  vnv-planner-7] c.g.tng.vnv.planner.helper.DebugHelper   : ##vnvlog-v.2:TestResultRepository.updatePlan call_endpoint: http://localhost:11409/tng-vnv-planner/mock/trr/test-plans/{uuid}, status: 200
2019-02-28 16:50:32.004  INFO 14688 --- [  vnv-planner-7] c.g.t.v.p.workflow.WorkflowManager       : ##vnvlog: after executeTests with testSuiteResults(#1)
2019-02-28 16:50:32.006  INFO 14688 --- [  vnv-planner-7] c.g.t.v.p.r.TestPlatformManager          : ##vnvlog TestPlatformManager.destroyNsAfterTest: (
 - TestPlanOld{ 
uuid='69d915dc-6c88-40ea-91c9-00e3de8e6b8e', status='SUCCESS', 
nsi's(#1)=[com.github.tng.vnv.planner.model.NetworkServiceInstance(0246f43b-b412-4b72-b107-e8f168287308, READY)], 
tsr's(#1)=[
 	TestSuiteResult{uuid='70ceb169-f301-4f25-81ad-2a3964ae21aa', serviceUuid='4763bde6-f213-4fae-8d3f-04358e1e1445', testUuid='input0ts-75f5-4ca1-90c8-12ec80a79821', status='SUCCESS'}]})
2019-02-28 16:50:32.007 DEBUG 14688 --- [  vnv-planner-7] s.n.www.protocol.http.HttpURLConnection  : sun.net.www.MessageHeader@49702a787 pairs: {POST /tng-vnv-planner/mock/tpm/requests HTTP/1.1: null}{Accept: application/json, application/json, application/*+json, application/*+json}{Content-Type: application/json;charset=UTF-8}{User-Agent: Java/1.8.0_201}{Host: localhost:11409}{Connection: keep-alive}{Content-Length: 140}
2019-02-28 16:50:32.010 DEBUG 14688 --- [  vnv-planner-7] s.n.www.protocol.http.HttpURLConnection  : sun.net.www.MessageHeader@7e4c6e8f5 pairs: {null: HTTP/1.1 200}{X-Application-Context: application:test,DESKTOP-38568DE:11409}{Content-Type: application/json;charset=UTF-8}{Transfer-Encoding: chunked}{Date: Thu, 28 Feb 2019 15:50:31 GMT}
2019-02-28 16:50:32.011  INFO 14688 --- [  vnv-planner-7] c.g.tng.vnv.planner.helper.DebugHelper   : ##vnvlog-v.2:TestPlatformManager.destroyNsAfterTest call_endpoint: http://localhost:11409/tng-vnv-planner/mock/tpm/requests, status: 200
2019-02-28 16:50:32.012 DEBUG 14688 --- [  vnv-planner-7] s.n.www.protocol.http.HttpURLConnection  : sun.net.www.MessageHeader@1597c7037 pairs: {PUT /tng-vnv-planner/mock/trr/test-plans/69d915dc-6c88-40ea-91c9-00e3de8e6b8e HTTP/1.1: null}{Accept: application/json, application/json, application/*+json, application/*+json}{Content-Type: application/json}{User-Agent: Java/1.8.0_201}{Host: localhost:11409}{Connection: keep-alive}{Content-Length: 610}
2019-02-28 16:50:32.016 DEBUG 14688 --- [  vnv-planner-7] s.n.www.protocol.http.HttpURLConnection  : sun.net.www.MessageHeader@43be2025 pairs: {null: HTTP/1.1 200}{X-Application-Context: application:test,DESKTOP-38568DE:11409}{Content-Type: application/json;charset=UTF-8}{Transfer-Encoding: chunked}{Date: Thu, 28 Feb 2019 15:50:31 GMT}
2019-02-28 16:50:32.016  INFO 14688 --- [  vnv-planner-7] c.g.tng.vnv.planner.helper.DebugHelper   : ##vnvlog-v.2:TestResultRepository.updatePlan call_endpoint: http://localhost:11409/tng-vnv-planner/mock/trr/test-plans/{uuid}, status: 200
2019-02-28 16:50:32.016  INFO 14688 --- [  vnv-planner-7] c.g.t.v.p.workflow.WorkflowManager       : ##vnvlog: before createTestPlan: [not created yet]
2019-02-28 16:50:32.016  INFO 14688 --- [  vnv-planner-7] c.g.t.v.p.workflow.WorkflowManager       : ##vnvlog: (networkServiceId: a0c112ac-8c06-49e0-a34b-16693a50e72a, testListSize: 1, networkService.name: haproxy)
2019-02-28 16:50:32.016  INFO 14688 --- [  vnv-planner-7] c.g.t.v.p.workflow.WorkflowManager       : ##vnvlog: issue!:testSuites.first()?.packageId: 2b410f39-8d3f-4540-bdfe-ff0e13e8ac97
2019-02-28 16:50:32.018 DEBUG 14688 --- [  vnv-planner-7] s.n.www.protocol.http.HttpURLConnection  : sun.net.www.MessageHeader@51f50c047 pairs: {POST /tng-vnv-planner/mock/trr/test-plans HTTP/1.1: null}{Accept: application/json, application/json, application/*+json, application/*+json}{Content-Type: application/json}{User-Agent: Java/1.8.0_201}{Host: localhost:11409}{Connection: keep-alive}{Content-Length: 597}
2019-02-28 16:50:32.026 DEBUG 14688 --- [  vnv-planner-7] s.n.www.protocol.http.HttpURLConnection  : sun.net.www.MessageHeader@7af176e65 pairs: {null: HTTP/1.1 200}{X-Application-Context: application:test,DESKTOP-38568DE:11409}{Content-Type: application/json;charset=UTF-8}{Transfer-Encoding: chunked}{Date: Thu, 28 Feb 2019 15:50:31 GMT}
2019-02-28 16:50:32.026  INFO 14688 --- [  vnv-planner-7] c.g.tng.vnv.planner.helper.DebugHelper   : ##vnvlog-v.2:TestResultRepository.createTestPlan call_endpoint: http://localhost:11409/tng-vnv-planner/mock/trr/test-plans, status: 200
2019-02-28 16:50:32.026  INFO 14688 --- [  vnv-planner-7] c.g.t.v.p.workflow.WorkflowManager       : ##vnvlog: after createTestPlan: a386e6ca-7ebe-4504-a15f-06106a912e69
2019-02-28 16:50:32.026  INFO 14688 --- [  vnv-planner-7] c.g.t.v.p.workflow.WorkflowManager       : ##vnvlog: before deployNs: [not created yet]
2019-02-28 16:50:32.026  INFO 14688 --- [  vnv-planner-7] c.g.t.v.p.r.TestPlatformManager          : ##vnvlog: testPlan: [packageId: 2b410f39-8d3f-4540-bdfe-ff0e13e8ac97, nsiList.size: 1, tsResults.size: 1]
2019-02-28 16:50:32.026  INFO 14688 --- [  vnv-planner-7] c.g.t.v.p.r.TestPlatformManager          : ##vnvlog TestPlatformManager.deployNsForTest - testPlan.networkServiceInstances.first().serviceUuid? a0c112ac-8c06-49e0-a34b-16693a50e72a
2019-02-28 16:50:32.028 DEBUG 14688 --- [  vnv-planner-7] s.n.www.protocol.http.HttpURLConnection  : sun.net.www.MessageHeader@2181b0487 pairs: {POST /tng-vnv-planner/mock/tpm/requests HTTP/1.1: null}{Accept: application/json, application/json, application/*+json, application/*+json}{Content-Type: application/json;charset=UTF-8}{User-Agent: Java/1.8.0_201}{Host: localhost:11409}{Connection: keep-alive}{Content-Length: 137}
2019-02-28 16:50:32.032 DEBUG 14688 --- [  vnv-planner-7] s.n.www.protocol.http.HttpURLConnection  : sun.net.www.MessageHeader@6c44afec5 pairs: {null: HTTP/1.1 200}{X-Application-Context: application:test,DESKTOP-38568DE:11409}{Content-Type: application/json;charset=UTF-8}{Transfer-Encoding: chunked}{Date: Thu, 28 Feb 2019 15:50:31 GMT}
2019-02-28 16:50:32.033  INFO 14688 --- [  vnv-planner-7] c.g.tng.vnv.planner.helper.DebugHelper   : ##vnvlog-v.2:TestPlatformManager.deployNsForTest call_endpoint: http://localhost:11409/tng-vnv-planner/mock/tpm/requests, status: 200
2019-02-28 16:50:32.034 DEBUG 14688 --- [  vnv-planner-7] s.n.www.protocol.http.HttpURLConnection  : sun.net.www.MessageHeader@15280b4c6 pairs: {GET /tng-vnv-planner/mock/tpm/requests/fed6d7e4-dac7-4d37-bc46-9241ea99fba0 HTTP/1.1: null}{Accept: application/json, application/json, application/*+json, application/*+json}{Content-Type: application/json}{User-Agent: Java/1.8.0_201}{Host: localhost:11409}{Connection: keep-alive}
2019-02-28 16:50:32.043 DEBUG 14688 --- [  vnv-planner-7] s.n.www.protocol.http.HttpURLConnection  : sun.net.www.MessageHeader@641f09495 pairs: {null: HTTP/1.1 200}{X-Application-Context: application:test,DESKTOP-38568DE:11409}{Content-Type: application/json;charset=UTF-8}{Transfer-Encoding: chunked}{Date: Thu, 28 Feb 2019 15:50:31 GMT}
2019-02-28 16:50:32.044  INFO 14688 --- [  vnv-planner-7] c.g.tng.vnv.planner.helper.DebugHelper   : ##vnvlog-v.2:TestPlatformManager.deployNsForTest call_endpoint: http://localhost:11409/tng-vnv-planner/mock/tpm/requests/{requestId}, status: 200
2019-02-28 16:50:37.044  INFO 14688 --- [  vnv-planner-7] c.g.t.v.p.r.TestPlatformManager          : ##vnvlog TestPlatformManager.deployNsForTest - testPlan.networkServiceInstances.first().status? null
2019-02-28 16:50:37.044  INFO 14688 --- [  vnv-planner-7] c.g.t.v.p.r.TestPlatformManager          : ##vnvlog TestPlatformManager.deployNsForTest - testPlan.networkServiceInstances.first().instanceUuid? null
2019-02-28 16:50:37.046 DEBUG 14688 --- [  vnv-planner-7] s.n.www.protocol.http.HttpURLConnection  : sun.net.www.MessageHeader@48b0f6727 pairs: {PUT /tng-vnv-planner/mock/trr/test-plans/a386e6ca-7ebe-4504-a15f-06106a912e69 HTTP/1.1: null}{Accept: application/json, application/json, application/*+json, application/*+json}{Content-Type: application/json}{User-Agent: Java/1.8.0_201}{Host: localhost:11409}{Connection: keep-alive}{Content-Length: 638}
2019-02-28 16:50:37.049 DEBUG 14688 --- [  vnv-planner-7] s.n.www.protocol.http.HttpURLConnection  : sun.net.www.MessageHeader@1421b475 pairs: {null: HTTP/1.1 200}{X-Application-Context: application:test,DESKTOP-38568DE:11409}{Content-Type: application/json;charset=UTF-8}{Transfer-Encoding: chunked}{Date: Thu, 28 Feb 2019 15:50:37 GMT}
2019-02-28 16:50:37.049  INFO 14688 --- [  vnv-planner-7] c.g.tng.vnv.planner.helper.DebugHelper   : ##vnvlog-v.2:TestResultRepository.updatePlan call_endpoint: http://localhost:11409/tng-vnv-planner/mock/trr/test-plans/{uuid}, status: 200
2019-02-28 16:50:37.049  INFO 14688 --- [  vnv-planner-7] c.g.t.v.p.workflow.WorkflowManager       : ##vnvlog: after deployNs (#1): fed6d7e4-dac7-4d37-bc46-9241ea99fba0, status: READY
2019-02-28 16:50:37.049  INFO 14688 --- [  vnv-planner-7] c.g.t.v.p.workflow.WorkflowManager       : ##vnvlog: before executeTests with testSuiteResults: [not created yet]
2019-02-28 16:50:37.050  INFO 14688 --- [  vnv-planner-7] c.g.t.v.p.r.TestExecutionEngine          : ##vnvlog TestExecutionEngine.executeTests: (
 - TestPlanOld{ 
uuid='a386e6ca-7ebe-4504-a15f-06106a912e69', status='NS_DEPLOYED', 
nsi's(#1)=[com.github.tng.vnv.planner.model.NetworkServiceInstance(fed6d7e4-dac7-4d37-bc46-9241ea99fba0, READY)], 
tsr's(#1)=[
 	TestSuiteResult{uuid='1a1c7d71-8813-4161-8d91-07f742cede2e', serviceUuid='a0c112ac-8c06-49e0-a34b-16693a50e72a', testUuid='input0ts-75f5-4ca1-90c8-12ec80a79821', status='null'}]})
2019-02-28 16:50:37.050  INFO 14688 --- [  vnv-planner-7] c.g.t.v.p.r.TestExecutionEngine          : ##vnvlog TestExecutionEngine.executeTests - testPlan.networkServiceInstances.first().instanceUuid: fed6d7e4-dac7-4d37-bc46-9241ea99fba0
2019-02-28 16:50:37.050  INFO 14688 --- [  vnv-planner-7] c.g.t.v.p.r.TestExecutionEngine          : ##vnvlog TestExecutionEngine.executeTests - testPlan.networkServiceInstances.first().serviceUuid: a0c112ac-8c06-49e0-a34b-16693a50e72a
2019-02-28 16:50:37.050  INFO 14688 --- [  vnv-planner-7] c.g.t.v.p.r.TestExecutionEngine          : ##vnvlog-v.2 TestExecutionEngine.executeTests - begin POST_request_to_TEE with testSuiteResult: 
 	TestSuiteResult{uuid='1a1c7d71-8813-4161-8d91-07f742cede2e', serviceUuid='a0c112ac-8c06-49e0-a34b-16693a50e72a', testUuid='input0ts-75f5-4ca1-90c8-12ec80a79821', status='null'}
2019-02-28 16:50:37.052 DEBUG 14688 --- [  vnv-planner-7] s.n.www.protocol.http.HttpURLConnection  : sun.net.www.MessageHeader@7e060cd7 pairs: {POST /tng-vnv-planner/mock/tee/test-suite-results HTTP/1.1: null}{Accept: application/json, application/json, application/*+json, application/*+json}{Content-Type: application/json;charset=UTF-8}{User-Agent: Java/1.8.0_201}{Host: localhost:11409}{Connection: keep-alive}{Content-Length: 327}
2019-02-28 16:50:37.056 DEBUG 14688 --- [  vnv-planner-7] s.n.www.protocol.http.HttpURLConnection  : sun.net.www.MessageHeader@1669cb555 pairs: {null: HTTP/1.1 200}{X-Application-Context: application:test,DESKTOP-38568DE:11409}{Content-Type: application/json;charset=UTF-8}{Transfer-Encoding: chunked}{Date: Thu, 28 Feb 2019 15:50:37 GMT}
2019-02-28 16:50:37.056  INFO 14688 --- [  vnv-planner-7] c.g.tng.vnv.planner.helper.DebugHelper   : ##vnvlog-v.2:TestExecutionEngine.executeTests call_endpoint: http://localhost:11409/tng-vnv-planner/mock/tee/test-suite-results, status: 200
2019-02-28 16:50:37.056  INFO 14688 --- [  vnv-planner-7] c.g.t.v.p.r.TestExecutionEngine          : ##vnvlog-v.2 TestExecutionEngine.executeTests - end POST_request_to_TEE with testSuiteResult.uuid: dbfaf8c6-c1fb-40cd-8b0e-96cf4074736d
2019-02-28 16:50:37.058 DEBUG 14688 --- [  vnv-planner-7] s.n.www.protocol.http.HttpURLConnection  : sun.net.www.MessageHeader@6a62ec927 pairs: {PUT /tng-vnv-planner/mock/trr/test-plans/a386e6ca-7ebe-4504-a15f-06106a912e69 HTTP/1.1: null}{Accept: application/json, application/json, application/*+json, application/*+json}{Content-Type: application/json}{User-Agent: Java/1.8.0_201}{Host: localhost:11409}{Connection: keep-alive}{Content-Length: 673}
2019-02-28 16:50:37.065 DEBUG 14688 --- [  vnv-planner-7] s.n.www.protocol.http.HttpURLConnection  : sun.net.www.MessageHeader@4280c76e5 pairs: {null: HTTP/1.1 200}{X-Application-Context: application:test,DESKTOP-38568DE:11409}{Content-Type: application/json;charset=UTF-8}{Transfer-Encoding: chunked}{Date: Thu, 28 Feb 2019 15:50:37 GMT}
2019-02-28 16:50:37.066  INFO 14688 --- [  vnv-planner-7] c.g.tng.vnv.planner.helper.DebugHelper   : ##vnvlog-v.2:TestResultRepository.updatePlan call_endpoint: http://localhost:11409/tng-vnv-planner/mock/trr/test-plans/{uuid}, status: 200
2019-02-28 16:50:37.066  INFO 14688 --- [  vnv-planner-7] c.g.t.v.p.workflow.WorkflowManager       : ##vnvlog: after executeTests with testSuiteResults(#1)
2019-02-28 16:50:37.066  INFO 14688 --- [  vnv-planner-7] c.g.t.v.p.r.TestPlatformManager          : ##vnvlog TestPlatformManager.destroyNsAfterTest: (
 - TestPlanOld{ 
uuid='a386e6ca-7ebe-4504-a15f-06106a912e69', status='SUCCESS', 
nsi's(#1)=[com.github.tng.vnv.planner.model.NetworkServiceInstance(fed6d7e4-dac7-4d37-bc46-9241ea99fba0, READY)], 
tsr's(#1)=[
 	TestSuiteResult{uuid='dbfaf8c6-c1fb-40cd-8b0e-96cf4074736d', serviceUuid='a0c112ac-8c06-49e0-a34b-16693a50e72a', testUuid='input0ts-75f5-4ca1-90c8-12ec80a79821', status='SUCCESS'}]})
2019-02-28 16:50:37.067 DEBUG 14688 --- [  vnv-planner-7] s.n.www.protocol.http.HttpURLConnection  : sun.net.www.MessageHeader@46e221fb7 pairs: {POST /tng-vnv-planner/mock/tpm/requests HTTP/1.1: null}{Accept: application/json, application/json, application/*+json, application/*+json}{Content-Type: application/json;charset=UTF-8}{User-Agent: Java/1.8.0_201}{Host: localhost:11409}{Connection: keep-alive}{Content-Length: 140}
2019-02-28 16:50:37.071 DEBUG 14688 --- [  vnv-planner-7] s.n.www.protocol.http.HttpURLConnection  : sun.net.www.MessageHeader@1e0969115 pairs: {null: HTTP/1.1 200}{X-Application-Context: application:test,DESKTOP-38568DE:11409}{Content-Type: application/json;charset=UTF-8}{Transfer-Encoding: chunked}{Date: Thu, 28 Feb 2019 15:50:37 GMT}
2019-02-28 16:50:37.071  INFO 14688 --- [  vnv-planner-7] c.g.tng.vnv.planner.helper.DebugHelper   : ##vnvlog-v.2:TestPlatformManager.destroyNsAfterTest call_endpoint: http://localhost:11409/tng-vnv-planner/mock/tpm/requests, status: 200
2019-02-28 16:50:37.073 DEBUG 14688 --- [  vnv-planner-7] s.n.www.protocol.http.HttpURLConnection  : sun.net.www.MessageHeader@270d00997 pairs: {PUT /tng-vnv-planner/mock/trr/test-plans/a386e6ca-7ebe-4504-a15f-06106a912e69 HTTP/1.1: null}{Accept: application/json, application/json, application/*+json, application/*+json}{Content-Type: application/json}{User-Agent: Java/1.8.0_201}{Host: localhost:11409}{Connection: keep-alive}{Content-Length: 610}
2019-02-28 16:50:37.075 DEBUG 14688 --- [  vnv-planner-7] s.n.www.protocol.http.HttpURLConnection  : sun.net.www.MessageHeader@7037007a5 pairs: {null: HTTP/1.1 200}{X-Application-Context: application:test,DESKTOP-38568DE:11409}{Content-Type: application/json;charset=UTF-8}{Transfer-Encoding: chunked}{Date: Thu, 28 Feb 2019 15:50:37 GMT}
2019-02-28 16:50:37.076  INFO 14688 --- [  vnv-planner-7] c.g.tng.vnv.planner.helper.DebugHelper   : ##vnvlog-v.2:TestResultRepository.updatePlan call_endpoint: http://localhost:11409/tng-vnv-planner/mock/trr/test-plans/{uuid}, status: 200
]]></system-out>
  <system-err><![CDATA[]]></system-err>
</testsuite>
