<?xml version="1.0" encoding="UTF-8"?>
<testsuite name="com.github.tng.vnv.planner.event.CatalogueEventListenerOldTest" tests="2" skipped="0" failures="0" errors="0" timestamp="2019-02-28T15:49:55" hostname="DESKTOP-38568DE" time="0.15">
  <properties/>
  <testcase name="catalogue should handle the package on change event without exception" classname="com.github.tng.vnv.planner.event.CatalogueEventListenerOldTest" time="0.12"/>
  <testcase name="catalogue should not execute tests on DELETE event" classname="com.github.tng.vnv.planner.event.CatalogueEventListenerOldTest" time="0.03"/>
  <system-out><![CDATA[2019-02-28 16:49:55.247  INFO 14688 --- [    Test worker] o.s.t.c.support.AbstractContextLoader    : Could not detect default resource locations for test class [com.github.mrduguo.spring.test.AbstractSpec]: no resource found for suffixes {-context.xml, Context.groovy}.
2019-02-28 16:49:55.254  INFO 14688 --- [    Test worker] WebAppIntegrationTestContextBootstrapper : Loaded default TestExecutionListener class names from location [META-INF/spring.factories]: [org.springframework.boot.test.mock.mockito.MockitoTestExecutionListener, org.springframework.boot.test.mock.mockito.ResetMocksTestExecutionListener, org.springframework.boot.test.autoconfigure.restdocs.RestDocsTestExecutionListener, org.springframework.boot.test.autoconfigure.web.client.MockRestServiceServerResetTestExecutionListener, org.springframework.boot.test.autoconfigure.web.servlet.MockMvcPrintOnlyOnFailureTestExecutionListener, org.springframework.boot.test.autoconfigure.web.servlet.WebDriverTestExecutionListener, org.springframework.test.context.web.ServletTestExecutionListener, org.springframework.test.context.support.DirtiesContextBeforeModesTestExecutionListener, org.springframework.test.context.support.DependencyInjectionTestExecutionListener, org.springframework.test.context.support.DirtiesContextTestExecutionListener, org.springframework.test.context.transaction.TransactionalTestExecutionListener, org.springframework.test.context.jdbc.SqlScriptsTestExecutionListener]
2019-02-28 16:49:55.256  INFO 14688 --- [    Test worker] WebAppIntegrationTestContextBootstrapper : Could not instantiate TestExecutionListener [org.springframework.test.context.jdbc.SqlScriptsTestExecutionListener]. Specify custom listener classes or make the default listener classes (and their required dependencies) available. Offending class: [org/springframework/transaction/interceptor/TransactionAttribute]
2019-02-28 16:49:55.256  INFO 14688 --- [    Test worker] WebAppIntegrationTestContextBootstrapper : Could not instantiate TestExecutionListener [org.springframework.test.context.transaction.TransactionalTestExecutionListener]. Specify custom listener classes or make the default listener classes (and their required dependencies) available. Offending class: [org/springframework/transaction/interceptor/TransactionAttributeSource]
2019-02-28 16:49:55.256  INFO 14688 --- [    Test worker] WebAppIntegrationTestContextBootstrapper : Using TestExecutionListeners: [org.springframework.test.context.web.ServletTestExecutionListener@618a79b4, org.springframework.test.context.support.DirtiesContextBeforeModesTestExecutionListener@2d640b3d, org.springframework.test.context.support.DependencyInjectionTestExecutionListener@4ab54e17, org.springframework.test.context.support.DirtiesContextTestExecutionListener@40ec52c1, org.springframework.boot.test.autoconfigure.web.servlet.MockMvcPrintOnlyOnFailureTestExecutionListener@7219c4b1, org.springframework.boot.test.autoconfigure.web.client.MockRestServiceServerResetTestExecutionListener@7fa9042c, org.springframework.boot.test.autoconfigure.restdocs.RestDocsTestExecutionListener@1f0c3838, org.springframework.boot.test.mock.mockito.ResetMocksTestExecutionListener@3d541b42, org.springframework.boot.test.autoconfigure.web.servlet.WebDriverTestExecutionListener@1546c15, org.springframework.boot.test.mock.mockito.MockitoTestExecutionListener@36eb8077]
2019-02-28 16:49:55.342 DEBUG 14688 --- [    Test worker] s.n.www.protocol.http.HttpURLConnection  : sun.net.www.MessageHeader@3cd4e5db7 pairs: {POST /tng-vnv-planner/api/v1/packages/on-change HTTP/1.1: null}{Accept: application/json, application/*+json}{Content-Type: application/json;charset=UTF-8}{User-Agent: Java/1.8.0_201}{Host: localhost:11409}{Connection: keep-alive}{Content-Length: 52}
2019-02-28 16:49:55.361  INFO 14688 --- [io-11409-exec-4] c.g.t.v.p.event.CatalogueEventListener   : ##vnvlog TestExecutionEngine.executeTests request. 
2019-02-28 16:49:55.364 DEBUG 14688 --- [    Test worker] s.n.www.protocol.http.HttpURLConnection  : sun.net.www.MessageHeader@7c126d454 pairs: {null: HTTP/1.1 200}{X-Application-Context: application:test,DESKTOP-38568DE:11409}{Content-Length: 0}{Date: Thu, 28 Feb 2019 15:49:54 GMT}
2019-02-28 16:49:55.401 DEBUG 14688 --- [    Test worker] s.n.www.protocol.http.HttpURLConnection  : sun.net.www.MessageHeader@6816d39b7 pairs: {POST /tng-vnv-planner/api/v1/packages/on-change HTTP/1.1: null}{Accept: application/json, application/*+json}{Content-Type: application/json;charset=UTF-8}{User-Agent: Java/1.8.0_201}{Host: localhost:11409}{Connection: keep-alive}{Content-Length: 52}
2019-02-28 16:49:55.403  INFO 14688 --- [io-11409-exec-3] c.g.t.v.p.event.CatalogueEventListener   : ##vnvlog TestExecutionEngine.executeTests request. 
2019-02-28 16:49:55.405 DEBUG 14688 --- [    Test worker] s.n.www.protocol.http.HttpURLConnection  : sun.net.www.MessageHeader@6f1a605e4 pairs: {null: HTTP/1.1 200}{X-Application-Context: application:test,DESKTOP-38568DE:11409}{Content-Length: 0}{Date: Thu, 28 Feb 2019 15:49:55 GMT}
]]></system-out>
  <system-err><![CDATA[]]></system-err>
</testsuite>
