<?xml version="1.0" encoding="UTF-8"?>
<testsuite name="com.github.tng.vnv.planner.config.SwaggerApiValidationSpec" tests="2" skipped="0" failures="0" errors="0" timestamp="2019-02-28T15:49:01" hostname="DESKTOP-38568DE" time="0.638">
  <properties/>
  <testcase name="generated spec should match swagger.json" classname="com.github.tng.vnv.planner.config.SwaggerApiValidationSpec" time="0.435"/>
  <testcase name="generated dependencies api should match swagger-mock.json" classname="com.github.tng.vnv.planner.config.SwaggerApiValidationSpec" time="0.203"/>
  <system-out><![CDATA[2019-02-28 16:49:01.597  INFO 14688 --- [    Test worker] o.s.t.c.support.AbstractContextLoader    : Could not detect default resource locations for test class [com.github.mrduguo.spring.test.AbstractSpec]: no resource found for suffixes {-context.xml, Context.groovy}.
2019-02-28 16:49:01.623  INFO 14688 --- [    Test worker] WebAppIntegrationTestContextBootstrapper : Loaded default TestExecutionListener class names from location [META-INF/spring.factories]: [org.springframework.boot.test.mock.mockito.MockitoTestExecutionListener, org.springframework.boot.test.mock.mockito.ResetMocksTestExecutionListener, org.springframework.boot.test.autoconfigure.restdocs.RestDocsTestExecutionListener, org.springframework.boot.test.autoconfigure.web.client.MockRestServiceServerResetTestExecutionListener, org.springframework.boot.test.autoconfigure.web.servlet.MockMvcPrintOnlyOnFailureTestExecutionListener, org.springframework.boot.test.autoconfigure.web.servlet.WebDriverTestExecutionListener, org.springframework.test.context.web.ServletTestExecutionListener, org.springframework.test.context.support.DirtiesContextBeforeModesTestExecutionListener, org.springframework.test.context.support.DependencyInjectionTestExecutionListener, org.springframework.test.context.support.DirtiesContextTestExecutionListener, org.springframework.test.context.transaction.TransactionalTestExecutionListener, org.springframework.test.context.jdbc.SqlScriptsTestExecutionListener]
2019-02-28 16:49:01.625  INFO 14688 --- [    Test worker] WebAppIntegrationTestContextBootstrapper : Could not instantiate TestExecutionListener [org.springframework.test.context.jdbc.SqlScriptsTestExecutionListener]. Specify custom listener classes or make the default listener classes (and their required dependencies) available. Offending class: [org/springframework/transaction/interceptor/TransactionAttribute]
2019-02-28 16:49:01.626  INFO 14688 --- [    Test worker] WebAppIntegrationTestContextBootstrapper : Could not instantiate TestExecutionListener [org.springframework.test.context.transaction.TransactionalTestExecutionListener]. Specify custom listener classes or make the default listener classes (and their required dependencies) available. Offending class: [org/springframework/transaction/interceptor/TransactionAttributeSource]
2019-02-28 16:49:01.628  INFO 14688 --- [    Test worker] WebAppIntegrationTestContextBootstrapper : Using TestExecutionListeners: [org.springframework.test.context.web.ServletTestExecutionListener@429625f1, org.springframework.test.context.support.DirtiesContextBeforeModesTestExecutionListener@27b798b, org.springframework.test.context.support.DependencyInjectionTestExecutionListener@16eeca71, org.springframework.test.context.support.DirtiesContextTestExecutionListener@801a1b6, org.springframework.boot.test.autoconfigure.web.servlet.MockMvcPrintOnlyOnFailureTestExecutionListener@7bcba4ea, org.springframework.boot.test.autoconfigure.web.client.MockRestServiceServerResetTestExecutionListener@22252d39, org.springframework.boot.test.autoconfigure.restdocs.RestDocsTestExecutionListener@42f8c64e, org.springframework.boot.test.mock.mockito.ResetMocksTestExecutionListener@4771c3b6, org.springframework.boot.test.autoconfigure.web.servlet.WebDriverTestExecutionListener@613bd346, org.springframework.boot.test.mock.mockito.MockitoTestExecutionListener@6afc66bd]
2019-02-28 16:49:01.861 DEBUG 14688 --- [    Test worker] s.n.www.protocol.http.HttpURLConnection  : sun.net.www.MessageHeader@211cc9b95 pairs: {GET /tng-vnv-planner/v2/api-docs HTTP/1.1: null}{Accept: text/plain, application/json, application/*+json, */*}{User-Agent: Java/1.8.0_201}{Host: localhost:11409}{Connection: keep-alive}
2019-02-28 16:49:02.057 DEBUG 14688 --- [    Test worker] s.n.www.protocol.http.HttpURLConnection  : sun.net.www.MessageHeader@392c1ef5 pairs: {null: HTTP/1.1 200}{X-Application-Context: application:test,DESKTOP-38568DE:11409}{Content-Type: application/json;charset=UTF-8}{Transfer-Encoding: chunked}{Date: Thu, 28 Feb 2019 15:49:01 GMT}
2019-02-28 16:49:02.124 DEBUG 14688 --- [    Test worker] s.n.www.protocol.http.HttpURLConnection  : sun.net.www.MessageHeader@25a9f5855 pairs: {GET /tng-vnv-planner/v2/api-docs?group=dependencies HTTP/1.1: null}{Accept: text/plain, application/json, application/*+json, */*}{User-Agent: Java/1.8.0_201}{Host: localhost:11409}{Connection: keep-alive}
2019-02-28 16:49:02.241 DEBUG 14688 --- [    Test worker] s.n.www.protocol.http.HttpURLConnection  : sun.net.www.MessageHeader@17aab7765 pairs: {null: HTTP/1.1 200}{X-Application-Context: application:test,DESKTOP-38568DE:11409}{Content-Type: application/json;charset=UTF-8}{Transfer-Encoding: chunked}{Date: Thu, 28 Feb 2019 15:49:01 GMT}
]]></system-out>
  <system-err><![CDATA[]]></system-err>
</testsuite>
